<?xml version="1.0" encoding="UTF-8"?>
<testsuite name="com.semillero.rest.RestApplicationTests" tests="1" skipped="0" failures="0" errors="0" timestamp="2022-12-13T16:27:33" hostname="BOG-JDS5TQ3" time="0.248">
  <properties/>
  <testcase name="contextLoads()" classname="com.semillero.rest.RestApplicationTests" time="0.248"/>
  <system-out><![CDATA[11:27:31.421 [Test worker] DEBUG org.springframework.test.context.BootstrapUtils - Instantiating CacheAwareContextLoaderDelegate from class [org.springframework.test.context.cache.DefaultCacheAwareContextLoaderDelegate]
11:27:31.497 [Test worker] DEBUG org.springframework.test.context.BootstrapUtils - Instantiating BootstrapContext using constructor [public org.springframework.test.context.support.DefaultBootstrapContext(java.lang.Class,org.springframework.test.context.CacheAwareContextLoaderDelegate)]
11:27:31.583 [Test worker] DEBUG org.springframework.test.context.BootstrapUtils - Instantiating TestContextBootstrapper for test class [com.semillero.rest.RestApplicationTests] from class [org.springframework.boot.test.context.SpringBootTestContextBootstrapper]
11:27:31.605 [Test worker] INFO org.springframework.boot.test.context.SpringBootTestContextBootstrapper - Neither @ContextConfiguration nor @ContextHierarchy found for test class [com.semillero.rest.RestApplicationTests], using SpringBootContextLoader
11:27:31.609 [Test worker] DEBUG org.springframework.test.context.support.AbstractContextLoader - Did not detect default resource location for test class [com.semillero.rest.RestApplicationTests]: class path resource [com/semillero/rest/RestApplicationTests-context.xml] does not exist
11:27:31.609 [Test worker] DEBUG org.springframework.test.context.support.AbstractContextLoader - Did not detect default resource location for test class [com.semillero.rest.RestApplicationTests]: class path resource [com/semillero/rest/RestApplicationTestsContext.groovy] does not exist
11:27:31.609 [Test worker] INFO org.springframework.test.context.support.AbstractContextLoader - Could not detect default resource locations for test class [com.semillero.rest.RestApplicationTests]: no resource found for suffixes {-context.xml, Context.groovy}.
11:27:31.610 [Test worker] INFO org.springframework.test.context.support.AnnotationConfigContextLoaderUtils - Could not detect default configuration classes for test class [com.semillero.rest.RestApplicationTests]: RestApplicationTests does not declare any static, non-private, non-final, nested classes annotated with @Configuration.
11:27:31.707 [Test worker] DEBUG org.springframework.test.context.support.ActiveProfilesUtils - Could not find an 'annotation declaring class' for annotation type [org.springframework.test.context.ActiveProfiles] and class [com.semillero.rest.RestApplicationTests]
11:27:31.828 [Test worker] DEBUG org.springframework.context.annotation.ClassPathScanningCandidateComponentProvider - Identified candidate component class: file [C:\Users\cramirfr\OneDrive - NTT DATA EMEAL\Documentos\NTTDATA\Semilleros\Devops\rest\build\classes\java\main\com\semillero\rest\RestApplication.class]
11:27:31.837 [Test worker] INFO org.springframework.boot.test.context.SpringBootTestContextBootstrapper - Found @SpringBootConfiguration com.semillero.rest.RestApplication for test class com.semillero.rest.RestApplicationTests
11:27:31.960 [Test worker] DEBUG org.springframework.boot.test.context.SpringBootTestContextBootstrapper - @TestExecutionListeners is not present for class [com.semillero.rest.RestApplicationTests]: using defaults.
11:27:31.960 [Test worker] INFO org.springframework.boot.test.context.SpringBootTestContextBootstrapper - Loaded default TestExecutionListener class names from location [META-INF/spring.factories]: [org.springframework.boot.test.autoconfigure.restdocs.RestDocsTestExecutionListener, org.springframework.boot.test.autoconfigure.web.client.MockRestServiceServerResetTestExecutionListener, org.springframework.boot.test.autoconfigure.web.servlet.MockMvcPrintOnlyOnFailureTestExecutionListener, org.springframework.boot.test.autoconfigure.web.servlet.WebDriverTestExecutionListener, org.springframework.boot.test.autoconfigure.webservices.client.MockWebServiceServerTestExecutionListener, org.springframework.boot.test.mock.mockito.MockitoTestExecutionListener, org.springframework.boot.test.mock.mockito.ResetMocksTestExecutionListener, org.springframework.test.context.web.ServletTestExecutionListener, org.springframework.test.context.support.DirtiesContextBeforeModesTestExecutionListener, org.springframework.test.context.event.ApplicationEventsTestExecutionListener, org.springframework.test.context.support.DependencyInjectionTestExecutionListener, org.springframework.test.context.support.DirtiesContextTestExecutionListener, org.springframework.test.context.transaction.TransactionalTestExecutionListener, org.springframework.test.context.jdbc.SqlScriptsTestExecutionListener, org.springframework.test.context.event.EventPublishingTestExecutionListener]
11:27:31.975 [Test worker] DEBUG org.springframework.boot.test.context.SpringBootTestContextBootstrapper - Skipping candidate TestExecutionListener [org.springframework.test.context.transaction.TransactionalTestExecutionListener] due to a missing dependency. Specify custom listener classes or make the default listener classes and their required dependencies available. Offending class: [org/springframework/transaction/interceptor/TransactionAttributeSource]
11:27:31.975 [Test worker] DEBUG org.springframework.boot.test.context.SpringBootTestContextBootstrapper - Skipping candidate TestExecutionListener [org.springframework.test.context.jdbc.SqlScriptsTestExecutionListener] due to a missing dependency. Specify custom listener classes or make the default listener classes and their required dependencies available. Offending class: [org/springframework/transaction/interceptor/TransactionAttribute]
11:27:31.976 [Test worker] INFO org.springframework.boot.test.context.SpringBootTestContextBootstrapper - Using TestExecutionListeners: [org.springframework.test.context.web.ServletTestExecutionListener@4716be8b, org.springframework.test.context.support.DirtiesContextBeforeModesTestExecutionListener@1fc32e4f, org.springframework.test.context.event.ApplicationEventsTestExecutionListener@2f67b837, org.springframework.boot.test.mock.mockito.MockitoTestExecutionListener@1869fbd2, org.springframework.boot.test.autoconfigure.SpringBootDependencyInjectionTestExecutionListener@6af9fcb2, org.springframework.test.context.support.DirtiesContextTestExecutionListener@6cce16f4, org.springframework.test.context.event.EventPublishingTestExecutionListener@7efaad5a, org.springframework.boot.test.autoconfigure.restdocs.RestDocsTestExecutionListener@291a7e3c, org.springframework.boot.test.autoconfigure.web.client.MockRestServiceServerResetTestExecutionListener@ca30bc1, org.springframework.boot.test.autoconfigure.web.servlet.MockMvcPrintOnlyOnFailureTestExecutionListener@1046d517, org.springframework.boot.test.autoconfigure.web.servlet.WebDriverTestExecutionListener@3b7d3a38, org.springframework.boot.test.autoconfigure.webservices.client.MockWebServiceServerTestExecutionListener@416c58f5, org.springframework.boot.test.mock.mockito.ResetMocksTestExecutionListener@5505ae1a]
11:27:31.981 [Test worker] DEBUG org.springframework.test.context.support.AbstractDirtiesContextTestExecutionListener - Before test class: context [DefaultTestContext@60856961 testClass = RestApplicationTests, testInstance = [null], testMethod = [null], testException = [null], mergedContextConfiguration = [WebMergedContextConfiguration@2fd953a6 testClass = RestApplicationTests, locations = '{}', classes = '{class com.semillero.rest.RestApplication}', contextInitializerClasses = '[]', activeProfiles = '{}', propertySourceLocations = '{}', propertySourceProperties = '{org.springframework.boot.test.context.SpringBootTestContextBootstrapper=true}', contextCustomizers = set[org.springframework.boot.test.autoconfigure.actuate.metrics.MetricsExportContextCustomizerFactory$DisableMetricExportContextCustomizer@74e28667, org.springframework.boot.test.autoconfigure.properties.PropertyMappingContextCustomizer@0, org.springframework.boot.test.autoconfigure.web.servlet.WebDriverContextCustomizerFactory$Customizer@d737b89, org.springframework.boot.test.context.filter.ExcludeFilterContextCustomizer@3f191845, org.springframework.boot.test.json.DuplicateJsonObjectContextCustomizerFactory$DuplicateJsonObjectContextCustomizer@909217e, org.springframework.boot.test.mock.mockito.MockitoContextCustomizer@0, org.springframework.boot.test.web.client.TestRestTemplateContextCustomizer@7ce026d3, org.springframework.boot.test.context.SpringBootTestArgs@1, org.springframework.boot.test.context.SpringBootTestWebEnvironment@3901d134], resourceBasePath = 'src/main/webapp', contextLoader = 'org.springframework.boot.test.context.SpringBootContextLoader', parent = [null]], attributes = map['org.springframework.test.context.web.ServletTestExecutionListener.activateListener' -> true]], class annotated with @DirtiesContext [false] with mode [null].

  .   ____          _            __ _ _
 /\\ / ___'_ __ _ _(_)_ __  __ _ \ \ \ \
( ( )\___ | '_ | '_| | '_ \/ _` | \ \ \ \
 \\/  ___)| |_)| | | | | || (_| |  ) ) ) )
  '  |____| .__|_| |_|_| |_\__, | / / / /
 =========|_|==============|___/=/_/_/_/
 :: Spring Boot ::                (v2.7.6)

2022-12-13 11:27:32.252  INFO 29940 --- [    Test worker] com.semillero.rest.RestApplicationTests  : Starting RestApplicationTests using Java 1.8.0_211 on BOG-JDS5TQ3 with PID 29940 (started by cramirfr in C:\Users\cramirfr\OneDrive - NTT DATA EMEAL\Documentos\NTTDATA\Semilleros\Devops\rest)
2022-12-13 11:27:32.253  INFO 29940 --- [    Test worker] com.semillero.rest.RestApplicationTests  : No active profile set, falling back to 1 default profile: "default"
2022-12-13 11:27:33.798  INFO 29940 --- [    Test worker] com.semillero.rest.RestApplicationTests  : Started RestApplicationTests in 1.779 seconds (JVM running for 3.777)
]]></system-out>
  <system-err><![CDATA[]]></system-err>
</testsuite>
